
Cadence Innovus(TM) Implementation System.
Copyright 2025 Cadence Design Systems, Inc. All rights reserved worldwide.

Version:	v25.11-s102_1, built Wed Aug 27 13:03:08 PDT 2025
Options:	-files innovus.tcl 
Date:		Tue Jun 23 08:56:52 2026
Host:		localhost.localdomain (x86_64 w/Linux 4.18.0-553.el8_10.x86_64) (4cores*8cpus*11th Gen Intel(R) Core(TM) i5-11320H @ 3.20GHz 8192KB)
OS:		Rocky Linux 8.10 (Green Obsidian)

License:
		[08:56:52.336849] Configured Lic search path (25.01-s002): /home/user19/Desktop/licenses/cadence.dat

		invs	Innovus Implementation System	25.1	checkout succeeded
		8 CPU jobs allowed with the current license(s). Use setMultiCpuUsage to set your required CPU count.

**Info: Common UI will be the default UI for innovus in the next major release. Please use -legacy_ui when invoking innovus if you wish to continue to use legacy UI.
Change the soft stacksize limit to 0.2%RAM (63 mbytes). Set global soft_stack_size_limit to change the value.
Info: Process UID = 31955 / 639da664-6e7b-41e2-9a4b-5e72efac34d9 / NrfjKzeEVX

**INFO:  MMMC transition support version v31-84 

<CMD> set_global _enable_mmmc_by_default_flow      $CTE::mmmc_default
<CMD> suppressMessage ENCEXT-2799
Sourcing file "innovus.tcl" ...
source innovus.tcl
<CMD> set init_lef_file {
/home/user19/Documents/Cadence/gsclib045_all_v4.8/gsclib045/lef/gsclib045_tech.lef
/home/user19/Documents/Cadence/gsclib045_all_v4.8/gsclib045/lef/gsclib045_macro.lef
/home/user19/Documents/Cadence/gsclib045_all_v4.8/gsclib045/lef/gsclib045_multibitsDFF.lef
}
<CMD> set init_verilog cpu_top_wrapper_netlist.v
<CMD> set init_top_cell cpu_top_wrapper
<CMD> init_design

Loading LEF file /home/user19/Documents/Cadence/gsclib045_all_v4.8/gsclib045/lef/gsclib045_tech.lef ...
Set DBUPerIGU to M2 pitch 400.

Loading LEF file /home/user19/Documents/Cadence/gsclib045_all_v4.8/gsclib045/lef/gsclib045_macro.lef ...

Loading LEF file /home/user19/Documents/Cadence/gsclib045_all_v4.8/gsclib045/lef/gsclib045_multibitsDFF.lef ...
**WARN: (IMPLF-58):	MACRO 'DFF2RX1' has been found in the database. Its content except DENSITY and PIN ANTENNA* data, and certain properties, will be ignored.
Review the LEF files specified in the init_lef_file variable and remove redundant definitions.
Type 'man IMPLF-58' for more detail.
**WARN: (IMPLF-58):	MACRO 'DFF2RX2' has been found in the database. Its content except DENSITY and PIN ANTENNA* data, and certain properties, will be ignored.
Review the LEF files specified in the init_lef_file variable and remove redundant definitions.
Type 'man IMPLF-58' for more detail.
**WARN: (IMPLF-58):	MACRO 'DFF2X1' has been found in the database. Its content except DENSITY and PIN ANTENNA* data, and certain properties, will be ignored.
Review the LEF files specified in the init_lef_file variable and remove redundant definitions.
Type 'man IMPLF-58' for more detail.
**WARN: (IMPLF-58):	MACRO 'DFF2X2' has been found in the database. Its content except DENSITY and PIN ANTENNA* data, and certain properties, will be ignored.
Review the LEF files specified in the init_lef_file variable and remove redundant definitions.
Type 'man IMPLF-58' for more detail.
**WARN: (IMPLF-58):	MACRO 'DFF4RX1' has been found in the database. Its content except DENSITY and PIN ANTENNA* data, and certain properties, will be ignored.
Review the LEF files specified in the init_lef_file variable and remove redundant definitions.
Type 'man IMPLF-58' for more detail.
**WARN: (IMPLF-58):	MACRO 'DFF4RX2' has been found in the database. Its content except DENSITY and PIN ANTENNA* data, and certain properties, will be ignored.
Review the LEF files specified in the init_lef_file variable and remove redundant definitions.
Type 'man IMPLF-58' for more detail.
**WARN: (IMPLF-58):	MACRO 'DFF4X1' has been found in the database. Its content except DENSITY and PIN ANTENNA* data, and certain properties, will be ignored.
Review the LEF files specified in the init_lef_file variable and remove redundant definitions.
Type 'man IMPLF-58' for more detail.
**WARN: (IMPLF-58):	MACRO 'DFF4X2' has been found in the database. Its content except DENSITY and PIN ANTENNA* data, and certain properties, will be ignored.
Review the LEF files specified in the init_lef_file variable and remove redundant definitions.
Type 'man IMPLF-58' for more detail.
**WARN: (IMPLF-58):	MACRO 'SDFF2RX1' has been found in the database. Its content except DENSITY and PIN ANTENNA* data, and certain properties, will be ignored.
Review the LEF files specified in the init_lef_file variable and remove redundant definitions.
Type 'man IMPLF-58' for more detail.
**WARN: (IMPLF-58):	MACRO 'SDFF2RX2' has been found in the database. Its content except DENSITY and PIN ANTENNA* data, and certain properties, will be ignored.
Review the LEF files specified in the init_lef_file variable and remove redundant definitions.
Type 'man IMPLF-58' for more detail.
**WARN: (IMPLF-58):	MACRO 'SDFF4RX1' has been found in the database. Its content except DENSITY and PIN ANTENNA* data, and certain properties, will be ignored.
Review the LEF files specified in the init_lef_file variable and remove redundant definitions.
Type 'man IMPLF-58' for more detail.
**WARN: (IMPLF-58):	MACRO 'SDFF4RX2' has been found in the database. Its content except DENSITY and PIN ANTENNA* data, and certain properties, will be ignored.
Review the LEF files specified in the init_lef_file variable and remove redundant definitions.
Type 'man IMPLF-58' for more detail.
**WARN: (IMPLF-58):	MACRO 'SPDFF2RX1' has been found in the database. Its content except DENSITY and PIN ANTENNA* data, and certain properties, will be ignored.
Review the LEF files specified in the init_lef_file variable and remove redundant definitions.
Type 'man IMPLF-58' for more detail.
**WARN: (IMPLF-58):	MACRO 'SPDFF2RX2' has been found in the database. Its content except DENSITY and PIN ANTENNA* data, and certain properties, will be ignored.
Review the LEF files specified in the init_lef_file variable and remove redundant definitions.
Type 'man IMPLF-58' for more detail.
**WARN: (IMPLF-58):	MACRO 'SPDFF4RX1' has been found in the database. Its content except DENSITY and PIN ANTENNA* data, and certain properties, will be ignored.
Review the LEF files specified in the init_lef_file variable and remove redundant definitions.
Type 'man IMPLF-58' for more detail.
**WARN: (IMPLF-58):	MACRO 'SPDFF4RX2' has been found in the database. Its content except DENSITY and PIN ANTENNA* data, and certain properties, will be ignored.
Review the LEF files specified in the init_lef_file variable and remove redundant definitions.
Type 'man IMPLF-58' for more detail.
**WARN: (IMPLF-61):	16 duplicated MACRO definitions have been found in the LEF file(s). Their content except DENSITY and PIN ANTENNA* data, and certain properties, have been ignored.
Review the LEF files specified in the init_lef_file variable and remove redundant definitions.
Type 'man IMPLF-61' for more detail.
**WARN: (IMPLF-200):	Pin 'VDD' in macro 'SDFF4RX2' has no ANTENNAGATEAREA value defined. The library data is incomplete and some process antenna rules will not be checked correctly.
Type 'man IMPLF-200' for more detail.
**WARN: (IMPLF-200):	Pin 'VSS' in macro 'SDFF4RX2' has no ANTENNAGATEAREA value defined. The library data is incomplete and some process antenna rules will not be checked correctly.
Type 'man IMPLF-200' for more detail.
**WARN: (IMPLF-200):	Pin 'VDD' in macro 'SDFF4RX1' has no ANTENNAGATEAREA value defined. The library data is incomplete and some process antenna rules will not be checked correctly.
Type 'man IMPLF-200' for more detail.
**WARN: (IMPLF-200):	Pin 'VSS' in macro 'SDFF4RX1' has no ANTENNAGATEAREA value defined. The library data is incomplete and some process antenna rules will not be checked correctly.
Type 'man IMPLF-200' for more detail.
**WARN: (IMPLF-200):	Pin 'A' in macro 'ANTENNA' has no ANTENNAGATEAREA value defined. The library data is incomplete and some process antenna rules will not be checked correctly.
Type 'man IMPLF-200' for more detail.

##  Check design process and node:  
##  Both design process and tech node are not set.

*** End library_loading (cpu=0.00min, real=0.00min, mem=0.0M, fe_cpu=0.59min, fe_real=0.67min, fe_mem=2021.0M) ***
#% Begin Load netlist data ... (date=06/23 08:57:32, mem=2021.0M)
*** Begin netlist parsing (mem=2021.0M) ***
Created 0 new cells from 0 timing libraries.
Reading netlist ...
Backslashed names will retain backslash and a trailing blank character.
Reading verilog netlist 'cpu_top_wrapper_netlist.v'

*** Memory Usage v#1 (Current mem = 2028.742M, initial mem = 957.055M) ***
*** End netlist parsing (cpu=0:00:00.0, real=0:00:00.0, mem=2028.7M) ***
#% End Load netlist data ... (date=06/23 08:57:32, total cpu=0:00:00.0, real=0:00:00.0, peak res=2029.0M, current mem=2029.0M)
Set top cell to cpu_top_wrapper.
Hooked 0 DB cells to tlib cells.
2 empty module found.
Starting recursive module instantiation check.
No recursion found.
Building hierarchical netlist for Cell cpu_top_wrapper ...
***** UseNewTieNetMode *****.
*** Netlist is unique.
** info: there are 588 modules.
** info: there are 6422 stdCell insts.
** info: there are 6422 stdCell insts with at least one signal pin.

*** Memory Usage v#1 (Current mem = 2065.508M, initial mem = 957.055M) ***
**WARN: (IMPFP-3961):	The techSite 'CornerSite' has no related standard cells in the LEF/OA library. The calculations for this site type cannot be made unless standard cell models of this type exist in the LEF/OA library. Ignore this warning if the SITE is not used by the library. Alternatively, remove the SITE definition for the LEF/OA library to avoid this message.
Type 'man IMPFP-3961' for more detail.
**WARN: (IMPFP-3961):	The techSite 'IOSite' has no related standard cells in the LEF/OA library. The calculations for this site type cannot be made unless standard cell models of this type exist in the LEF/OA library. Ignore this warning if the SITE is not used by the library. Alternatively, remove the SITE definition for the LEF/OA library to avoid this message.
Type 'man IMPFP-3961' for more detail.
Start create_tracks
Extraction setup Started for TopCell cpu_top_wrapper 

*** Summary of all messages that are not suppressed in this session:
Severity  ID               Count  Summary                                  
WARNING   IMPLF-58            16  MACRO '%s' has been found in the databas...
WARNING   IMPLF-61             1  %d duplicated MACRO definitions have bee...
WARNING   IMPLF-200            5  Pin '%s' in macro '%s' has no ANTENNAGAT...
WARNING   IMPFP-3961           2  The techSite '%s' has no related standar...
*** Message Summary: 24 warning(s), 0 error(s)

**ERROR: (IMPSYT-6692):	Invalid return code while executing 'innovus.tcl' was returned and script processing was stopped. Review the following error in 'innovus.tcl' then restart.
**ERROR: (IMPSYT-6693):	Error message: innovus.tcl: invalid command name "read_sdc".
<CMD> win
<CMD> zoomBox -103.72500 -62.18850 249.34100 253.88100
<CMD> zoomBox -43.58800 -24.42800 211.50200 203.93200
<CMD> zoomBox -20.07550 -9.62750 196.75100 184.47850
<CMD> zoomBox -13.14800 -4.43250 120.01050 114.77300
<CMD> zoomBox -11.41700 -3.47650 101.76800 97.84800
<CMD> zoomBox -9.94550 -2.66400 86.26200 83.46200
<CMD> zoomBox -8.67600 -2.04850 73.10050 71.15900
<CMD> zoomBox -7.45400 -1.71550 62.05600 60.51100
<CMD> zoomBox -6.38850 -1.47250 52.69500 51.42000
<CMD> zoomBox -4.05800 -0.94150 32.22650 31.54100
<CMD> zoomBox -2.28550 -0.53800 16.65550 16.41800
<CMD> zoomBox -1.74850 -0.41600 11.93700 11.83550
<CMD> zoomBox -3.46750 -0.96750 22.75050 22.50300
<CMD> zoomBox -12.62900 -5.85900 46.46150 47.03950
<CMD> zoomBox -26.27050 -14.55250 69.94850 71.58400
<CMD> zoomBox -48.48300 -28.70950 108.19400 111.55000
<CMD> gui_select -rect {61.17050 54.18950 45.15850 39.39350}
<CMD> zoomBox -30.27200 -14.05550 102.90400 105.16550
<CMD> zoomBox -69.90950 -45.95050 114.41750 119.06150
<CMD> zoomBox -138.53200 -79.36250 161.61400 189.33200
<CMD> zoomBox -278.32900 -188.17550 210.40900 249.34950
<CMD> zoomBox -418.93400 -298.18200 257.52000 307.38850
*** Message Summary: 24 warning(s), 2 error(s)


*** Memory Usage v#1 (Current mem = 2395.789M, initial mem = 957.055M) ***
--- Ending "Innovus" (totcpu=0:00:44.9, real=0:04:01, mem=2395.8M) ---
