 ------------------------------------------------------------------------------------------------------------------------------------------------------- 
| Snapshot                | WNS                  | TNS                  | Density (%) | Hotspot                   | Resource               | DRVs       |
|                         | HEPG (ns) | ALL (ns) | HEPG (ns) | ALL (ns) |             | Max (bins) | Total (bins) | Real (s) | Memory (MB) | Tran | Cap |
|-------------------------+-----------+----------+-----------+----------+-------------+------------+--------------+----------+-------------+------+-----|
| initial_summary         |     0.610 |    0.610 |           |        0 |       59.73 |            |              | 0:00:00  |        2980 |  249 |   0 |
| route_type_refinement   |           |          |           |          |             |            |              | 0:00:00  |        2983 |      |     |
| simplify_netlist        |           |          |           |          |             |            |              | 0:00:01  |        2989 |      |     |
| excluded_clk_net_fixing |           |          |           |          |             |            |              | 0:00:00  |        2989 |      |     |
| drv_fixing              |     3.986 |    3.986 |         0 |        0 |       60.76 |            |              | 0:00:03  |        3021 |   21 |   0 |
| global_opt              |           |    3.986 |           |        0 |       60.76 |            |              | 0:00:01  |        3019 |      |     |
| area_reclaiming         |     3.899 |    3.899 |         0 |        0 |       54.03 |            |              | 0:00:07  |        3023 |      |     |
| area_reclaiming_2       |     4.063 |    4.063 |         0 |        0 |       53.93 |            |              | 0:00:03  |        3032 |      |     |
| area_reclaiming_3       |     4.063 |    4.063 |         0 |        0 |       53.93 |            |              | 0:00:02  |        3032 |      |     |
| local_wire_reclaim      |           |          |           |          |             |            |              | 0:00:09  |        3041 |      |     |
| global_route            |           |          |           |          |             |       0.00 |         0.00 | 0:00:01  |        3008 |      |     |
| route_type_refinement_2 |           |          |           |          |             |            |              | 0:00:00  |        3008 |      |     |
| drv_eco_fixing          |     4.087 |    4.087 |         0 |        0 |       54.02 |            |              | 0:00:01  |        3039 |   20 |   0 |
| legalization            |           |          |           |          |             |            |              | 0:00:01  |        3039 |      |     |
| final_summary           |     4.087 |    4.087 |           |        0 |       54.02 |       0.00 |         0.00 | 0:00:01  |        3034 |    0 |   0 |
 ------------------------------------------------------------------------------------------------------------------------------------------------------- 
